<?xml version="1.0" encoding="UTF-8"?>
<!-- Generated by org.testng.reporters.JUnitReportReporter -->
<testsuite hostname="DESKTOP-MR4E6NK" failures="0" tests="2" name="testing.RESTAPITest" time="0.011" errors="0" timestamp="2023-07-09T11:51:12 IST" skipped="0">
  <testcase classname="testing.RESTAPITest" name="deleteTwitter" time="0.010"/>
  <system-out/>
  <testcase classname="testing.RESTAPITest" name="postJira" time="0.001"/>
  <system-out/>
</testsuite> <!-- testing.RESTAPITest -->
